<?xml version="1.0" encoding="UTF-8"?>
<!-- Generated by org.testng.reporters.JUnitReportReporter -->
<testsuite hostname="Swarnadeeps-MacBook-Pro.local" failures="0" tests="1" name="runnerFile.Runner" time="101.345" errors="0" timestamp="2024-07-12T23:08:17 EDT" skipped="0">
  <testcase classname="runnerFile.Runner" name="runScenario" time="101.345"/>
  <system-out/>
</testsuite> <!-- runnerFile.Runner -->
